[2014-11-21 12:12:39] START
[2014-11-21 12:13:48] CREATE db1.py: 0
[2014-11-21 12:21:41] EDIT Library_Management_System/models/db1.py: 14
[2014-11-21 12:28:40] EDIT Library_Management_System/controllers/default.py: -6
[2014-11-21 12:29:11] EDIT Library_Management_System/views/default/index.html: -31
[2014-11-21 12:29:43] EDIT Library_Management_System/controllers/default.py: 0
[2014-11-21 12:29:57] EDIT Library_Management_System/views/default/index.html: 1
[2014-11-21 12:32:16] CREATE default/create.html: 0
[2014-11-21 12:32:33] EDIT Library_Management_System/views/default/create.html: -1
[2014-11-21 12:33:55] EDIT Library_Management_System/views/default/create.html: 0
[2014-11-21 12:35:19] EDIT Library_Management_System/views/default/create.html: 0
[2014-11-21 12:37:16] DELETE Library_Management_System/views/default/create.html: -2
[2014-11-21 12:37:33] CREATE default/create1.html: 0
[2014-11-21 12:37:52] EDIT Library_Management_System/views/default/create1.html: -1
[2014-11-21 12:38:00] EDIT Library_Management_System/controllers/default.py: 3
[2014-11-21 12:38:56] EDIT Library_Management_System/controllers/default.py: 1
[2014-11-21 12:42:47] EDIT Library_Management_System/controllers/default.py: 0
[2014-11-21 12:48:50] EDIT Library_Management_System/controllers/default.py: 4
[2014-11-21 12:49:29] CREATE default/create.html: 0
[2014-11-21 12:49:45] EDIT Library_Management_System/views/default/create.html: -1
[2014-11-21 12:50:40] EDIT Library_Management_System/views/default/create.html: 0
[2014-11-21 12:52:31] EDIT Library_Management_System/controllers/default.py: 0
[2014-11-21 12:52:56] EDIT Library_Management_System/controllers/default.py: 0
[2014-11-21 13:02:29] EDIT Library_Management_System/models/menu.py: 1
[2014-11-21 13:02:33] EDIT Library_Management_System/controllers/default.py: 3
[2014-11-21 13:04:08] EDIT Library_Management_System/models/menu.py: 0
[2014-11-21 13:06:20] EDIT Library_Management_System/models/menu.py: -104
[2014-11-21 13:13:04] EDIT Library_Management_System/models/menu.py: 0
[2014-11-21 14:09:59] EDIT Library_Management_System/controllers/default.py: -4
[2014-11-21 14:11:49] EDIT Library_Management_System/controllers/default.py: -2
[2014-11-21 14:13:37] EDIT Library_Management_System/controllers/default.py: 2
[2014-11-21 14:13:50] EDIT Library_Management_System/models/menu.py: 0
[2014-11-21 16:52:52] EDIT Library_Management_System/controllers/default.py: -5
[2014-11-21 16:54:42] EDIT Library_Management_System/views/default/index.html: 1
[2014-11-21 17:00:43] EDIT Library_Management_System/views/default/index.html: 12
[2014-11-21 17:02:58] EDIT Library_Management_System/views/default/index.html: 0
[2014-11-21 17:04:29] EDIT Library_Management_System/views/default/index.html: 10
[2014-11-21 17:11:13] EDIT Library_Management_System/controllers/default.py: 2
[2014-11-21 17:11:39] EDIT Library_Management_System/views/default/create.html: 0
[2014-11-21 17:11:57] EDIT Library_Management_System/views/default/index.html: -1
[2014-11-21 17:12:27] EDIT Library_Management_System/models/menu.py: 0
[2014-11-21 17:16:56] EDIT Library_Management_System/controllers/default.py: 0
[2014-11-21 17:18:26] DELETE Library_Management_System/views/default/create.html: -2
[2014-11-21 17:18:33] DELETE Library_Management_System/views/default/create1.html: -2
[2014-11-21 17:18:53] CREATE default/create.html: 0
[2014-11-21 17:19:12] EDIT Library_Management_System/views/default/create.html: -1
[2014-11-21 17:27:03] EDIT Library_Management_System/controllers/default.py: 1
[2014-11-21 17:29:12] EDIT Library_Management_System/controllers/default.py: 3
[2014-11-21 17:29:57] EDIT Library_Management_System/models/menu.py: 0
[2014-11-21 17:34:11] EDIT Library_Management_System/models/menu.py: 1
[2014-11-21 17:34:55] EDIT Library_Management_System/models/menu.py: -1
[2014-11-21 17:35:50] CREATE default/manage.html: 0
[2014-11-21 17:36:14] EDIT Library_Management_System/views/default/manage.html: -1
[2014-11-21 17:36:36] EDIT Library_Management_System/views/default/manage.html: 0
[2014-11-21 17:37:34] EDIT Library_Management_System/controllers/default.py: 0
[2014-11-21 17:39:02] EDIT Library_Management_System/controllers/default.py: 0
[2014-11-21 17:43:19] EDIT Library_Management_System/models/menu.py: 2
[2014-11-21 17:44:09] EDIT Library_Management_System/controllers/default.py: 0
[2014-11-21 17:44:27] EDIT Library_Management_System/controllers/default.py: 1
[2014-11-21 17:46:07] EDIT Library_Management_System/models/menu.py: 0
[2014-11-21 17:50:25] EDIT Library_Management_System/models/menu.py: 0
[2014-11-21 17:52:44] EDIT Library_Management_System/models/menu.py: 0
[2014-11-21 17:54:13] EDIT Library_Management_System/models/menu.py: 0
[2014-11-21 17:54:17] EDIT Library_Management_System/models/menu.py: 0
[2014-11-21 17:55:58] EDIT Library_Management_System/controllers/default.py: 4
[2014-11-21 17:56:02] EDIT Library_Management_System/models/menu.py: 1
[2014-11-21 17:58:33] EDIT Library_Management_System/models/db1.py: 1
[2014-11-21 18:04:49] EDIT Library_Management_System/models/menu.py: 0
[2014-11-21 18:06:44] EDIT Library_Management_System/controllers/default.py: 0
[2014-11-21 18:07:07] EDIT Library_Management_System/views/default/index.html: -22
[2014-11-21 18:07:28] EDIT Library_Management_System/views/default/index.html: 0
[2014-11-21 18:07:29] EDIT Library_Management_System/views/default/index.html: 0
[2014-11-21 18:07:30] EDIT Library_Management_System/views/default/index.html: 0
[2014-11-21 18:07:30] EDIT Library_Management_System/views/default/index.html: 0
[2014-11-21 18:07:31] EDIT Library_Management_System/views/default/index.html: 0
[2014-11-21 18:07:32] EDIT Library_Management_System/views/default/index.html: 0
[2014-11-21 18:07:32] EDIT Library_Management_System/views/default/index.html: 0
[2014-11-21 18:07:32] EDIT Library_Management_System/views/default/index.html: 0
[2014-11-21 18:08:20] EDIT Library_Management_System/controllers/default.py: 0
[2014-11-21 18:09:35] EDIT Library_Management_System/controllers/default.py: 0
[2014-11-21 18:09:42] EDIT Library_Management_System/views/default/index.html: 0
[2014-11-21 18:10:37] EDIT Library_Management_System/views/default/index.html: 22
[2014-11-21 18:10:51] EDIT Library_Management_System/models/menu.py: 0
[2014-11-21 18:10:53] EDIT Library_Management_System/models/menu.py: 0
[2014-11-21 18:11:38] EDIT Library_Management_System/views/default/index.html: 0
[2014-11-21 18:12:22] EDIT Library_Management_System/views/default/index.html: 4
[2014-11-21 18:12:52] EDIT Library_Management_System/models/menu.py: 0
[2014-11-21 18:14:12] EDIT Library_Management_System/views/default/index.html: 0
[2014-11-21 18:14:23] EDIT Library_Management_System/models/db1.py: 0
[2014-11-21 19:57:00] EDIT Library_Management_System/models/menu.py: 2
[2014-11-21 19:58:19] CREATE default/show.html: 0
[2014-11-21 19:58:36] EDIT Library_Management_System/views/default/show.html: -1
[2014-11-21 19:59:16] DELETE Library_Management_System/views/default/show.html: -2
[2014-11-21 19:59:33] CREATE default/show1.html: 0
[2014-11-21 19:59:50] EDIT Library_Management_System/views/default/show1.html: -1
[2014-11-21 20:00:06] EDIT Library_Management_System/controllers/default.py: 4
[2014-11-21 20:00:42] EDIT Library_Management_System/controllers/default.py: 0
[2014-11-21 20:05:40] EDIT Library_Management_System/models/menu.py: 0
[2014-11-21 20:05:50] EDIT Library_Management_System/controllers/default.py: 0
[2014-11-21 20:05:53] EDIT Library_Management_System/models/menu.py: 0
[2014-11-21 20:10:42] EDIT Library_Management_System/views/default/show1.html: 16
[2014-11-21 20:11:42] EDIT Library_Management_System/views/default/show1.html: -16
[2014-11-21 20:12:05] EDIT Library_Management_System/views/default/show1.html: 9
[2014-11-21 20:14:14] EDIT Library_Management_System/views/default/show1.html: 1
[2014-11-21 20:14:38] EDIT Library_Management_System/views/default/show1.html: 0
[2014-11-21 20:15:52] EDIT Library_Management_System/views/default/show1.html: 0
[2014-11-21 20:16:37] EDIT Library_Management_System/views/default/show1.html: 3
[2014-11-21 20:19:48] EDIT Library_Management_System/views/default/show1.html: 0
[2014-11-21 20:24:14] EDIT Library_Management_System/controllers/default.py: -1
[2014-11-21 20:24:24] EDIT Library_Management_System/views/default/show1.html: 0
[2014-11-21 20:25:11] EDIT Library_Management_System/views/default/show1.html: 0
[2014-11-21 20:25:54] EDIT Library_Management_System/views/default/show1.html: -13
[2014-11-21 20:27:48] EDIT Library_Management_System/views/default/show1.html: 5
[2014-11-21 20:28:15] EDIT Library_Management_System/views/default/show1.html: 1
[2014-11-21 20:29:13] EDIT Library_Management_System/views/default/show1.html: 0
[2014-11-21 20:30:19] EDIT Library_Management_System/views/default/show1.html: 4
[2014-11-21 20:31:59] EDIT Library_Management_System/views/default/show1.html: 0
[2014-11-21 20:33:37] EDIT Library_Management_System/views/default/show1.html: 7
[2014-11-21 20:36:01] EDIT Library_Management_System/views/default/show1.html: 7
[2014-11-21 20:36:20] EDIT Library_Management_System/views/default/show1.html: 0
[2014-11-21 20:36:45] EDIT Library_Management_System/views/default/show1.html: 0
[2014-11-21 20:38:09] EDIT Library_Management_System/models/menu.py: 1
[2014-11-21 20:38:20] EDIT Library_Management_System/models/menu.py: 0
[2014-11-21 20:39:19] EDIT Library_Management_System/models/menu.py: 1
[2014-11-21 20:41:17] EDIT Library_Management_System/views/default/index.html: -11
[2014-11-21 20:42:15] EDIT Library_Management_System/views/default/index.html: 15
[2014-11-21 20:43:52] EDIT Library_Management_System/views/default/index.html: 2
[2014-11-21 21:00:43] EDIT Lib/models/menu.py: 2
[2014-11-22 17:14:56] EDIT Library_Management/controllers/default.py: 4
[2014-11-22 17:15:32] CREATE default/mean.html: 0
[2014-11-22 17:15:53] EDIT Library_Management/views/default/mean.html: -1
[2014-11-22 17:16:23] EDIT Library_Management/controllers/default.py: 0
[2014-11-22 17:16:31] EDIT Library_Management/views/default/mean.html: 0
[2014-11-28 19:29:27] EDIT Library_Management/views/layout.html: -6
[2014-11-28 19:30:41] EDIT Library_Management/views/layout.html: 0
[2014-11-28 19:31:30] EDIT Library_Management/views/layout.html: 0
[2014-11-28 19:32:42] EDIT Library_Management/views/layout.html: 0
[2014-11-28 19:33:47] EDIT Library_Management/views/layout.html: 0
[2014-11-28 19:34:13] EDIT Library_Management/views/layout.html: 0
[2014-11-28 19:34:43] EDIT Library_Management/views/layout.html: 0
[2014-11-28 19:35:43] EDIT Library_Management/views/layout.html: 0
[2014-11-28 19:37:58] EDIT Library_Management/views/layout.html: 0
[2014-11-28 19:38:48] EDIT Library_Management/views/layout.html: 0
[2014-11-28 19:39:04] EDIT Library_Management/views/layout.html: 0
[2014-11-28 19:39:25] EDIT Library_Management/views/layout.html: 0
[2014-11-28 19:39:39] EDIT Library_Management/views/layout.html: 0
[2014-11-28 19:39:58] EDIT Library_Management/views/layout.html: 0
[2014-11-28 19:40:37] EDIT Library_Management/views/layout.html: 0
[2014-11-28 19:40:59] EDIT Library_Management/views/layout.html: 0
[2014-11-28 19:42:01] EDIT Library_Management/views/layout.html: 0
[2014-11-28 19:43:12] EDIT Library_Management/views/layout.html: 2
[2014-11-28 19:43:43] EDIT Library_Management/views/layout.html: 0
[2014-11-28 19:44:03] EDIT Library_Management/views/layout.html: -2
[2014-11-28 19:44:53] EDIT Library_Management/views/layout.html: 0
[2014-11-28 19:45:14] EDIT Library_Management/views/layout.html: 0
[2014-11-28 19:45:56] EDIT Library_Management/views/layout.html: 0
[2014-11-28 19:48:28] EDIT Library_Management/views/layout.html: 0
[2014-11-28 19:48:47] EDIT Library_Management/views/layout.html: 0
[2014-11-28 19:51:53] EDIT Library_Management/views/default/manage.html: 3
[2014-11-28 19:52:28] EDIT Library_Management/views/default/manage.html: 2
[2014-11-28 19:53:33] CREATE main.html: 0
[2014-11-28 19:54:05] EDIT Library_Management/views/main.html: 82
[2014-11-28 19:54:20] DELETE Library_Management/views/layout.html: -148
[2014-11-28 19:54:45] CREATE default/LIB.html: 0
[2014-11-28 19:54:59] EDIT Library_Management/views/default/LIB.html: 82
[2014-11-28 19:55:24] DELETE Library_Management/views/default/LIB.html: -85
[2014-11-28 19:55:47] CREATE default/main.html: 0
[2014-11-28 19:56:04] EDIT Library_Management/views/default/main.html: 82
[2014-11-28 19:56:31] DELETE Library_Management/views/default/main.html: -85
[2014-11-28 19:56:57] CREATE default/pagemain.html: 0
[2014-11-28 19:57:13] EDIT Library_Management/views/default/pagemain.html: 82
[2014-11-28 20:15:21] EDIT Library_Management/views/default/pagemain.html: 0
[2014-11-28 20:31:43] DELETE Library_Management/views/default/pagemain.html: -85
[2014-11-28 20:33:04] CREATE default/layout.html: 0
[2014-11-28 20:33:18] DELETE Library_Management/views/default/layout.html: -3
[2014-11-28 20:33:57] CREATE layout.html: 0
[2014-11-28 20:34:20] EDIT Library_Management/views/layout.html: 150
[2014-11-28 20:43:14] EDIT Library_Management/views/layout.html: 0
[2014-11-28 20:43:39] EDIT Library_Management/views/layout.html: 0
[2014-11-28 22:08:08] EDIT Library_Management/models/menu.py: 1
[2014-11-28 22:08:32] EDIT Library_Management/models/menu.py: 0
[2014-11-28 23:07:40] EDIT Library_Management/views/layout.html: 0
[2014-11-28 23:08:00] EDIT Library_Management/views/layout.html: 0
[2014-11-28 23:08:21] EDIT Library_Management/views/layout.html: 0
[2014-11-28 23:08:45] EDIT Library_Management/views/layout.html: 0
[2014-11-28 23:09:09] EDIT Library_Management/views/layout.html: 0
[2014-11-28 23:09:30] EDIT Library_Management/views/layout.html: 0
[2014-11-28 23:09:42] EDIT Library_Management/views/layout.html: 0
[2014-11-28 23:10:06] EDIT Library_Management/views/layout.html: 0
[2014-11-28 23:10:21] EDIT Library_Management/views/layout.html: 0
[2014-11-28 23:11:14] EDIT Library_Management/views/layout.html: 0
[2014-11-28 23:15:20] EDIT Library_Management/views/layout.html: 0
[2014-11-28 23:15:38] EDIT Library_Management/views/layout.html: 0
[2014-11-28 23:19:35] EDIT Library_Management/static/css/web2py_bootstrap.css: 0
[2014-11-28 23:21:32] EDIT Library_Management/static/css/web2py_bootstrap.css.bak: 2
[2014-11-28 23:22:09] EDIT Library_Management/views/layout.html: 0
[2014-11-28 23:22:49] EDIT Library_Management/views/layout.html: 0
[2014-11-28 23:23:54] EDIT Library_Management/views/layout.html: 0
[2014-11-28 23:24:27] EDIT Library_Management/static/css/web2py_bootstrap.css: 1
[2014-11-28 23:24:53] EDIT Library_Management/static/css/web2py_bootstrap.css: -1
[2014-11-28 23:25:22] EDIT Library_Management/static/css/web2py_bootstrap.css: 1
[2014-11-28 23:29:43] EDIT Library_Management/views/layout.html: 0
[2014-11-28 23:29:55] EDIT Library_Management/views/layout.html: 0
[2014-11-28 23:33:17] EDIT Library_Management/static/css/bootstrap.min.css: 0
[2014-11-28 23:33:43] EDIT Library_Management/static/css/bootstrap.min.css: 0
[2014-11-28 23:34:42] EDIT Library_Management/static/css/bootstrap.min.css: 0
[2014-11-28 23:35:34] EDIT Library_Management/static/css/bootstrap.min.css: 0
[2014-11-28 23:37:23] EDIT Library_Management/static/css/bootstrap.min.css: 0
[2014-11-28 23:37:39] EDIT Library_Management/static/css/bootstrap.min.css: 0
[2014-11-29 03:24:46] EDIT Library_Management/models/menu.py: 0
[2014-11-29 03:26:42] EDIT Library_Management/models/menu.py: 2
[2014-11-29 03:27:40] EDIT Library_Management/models/menu.py: 0
[2014-11-29 03:28:39] EDIT Library_Management/models/menu.py: 0
[2014-11-29 03:30:25] EDIT Library_Management/models/menu.py: 0
[2014-11-29 03:34:04] EDIT Library_Management/models/menu.py: 0
[2014-11-29 03:35:29] CREATE default/manage2.html: 0
[2014-11-29 03:35:59] EDIT Library_Management/views/default/manage2.html: -1
[2014-11-29 03:37:26] EDIT Library_Management/controllers/default.py: -1
[2014-11-29 03:37:43] DELETE Library_Management/views/default/manage2.html: -2
[2014-11-29 03:37:58] EDIT Library_Management/views/default/mean.html: 0
[2014-11-29 03:38:24] EDIT Library_Management/models/menu.py: 0
[2014-11-29 03:39:36] EDIT Library_Management/models/menu.py: -1
[2014-11-29 03:40:21] EDIT Library_Management/models/menu.py: 0
[2014-11-29 03:46:57] EDIT Library_Management/static/css/bootstrap.min.css: 0
[2014-11-29 03:47:46] EDIT Library_Management/static/css/bootstrap.min.css: 0
[2014-11-29 03:51:15] EDIT Library_Management/static/css/bootstrap.min.css: 0
[2014-11-29 03:51:57] EDIT Library_Management/static/css/bootstrap.min.css: 0
[2014-11-29 03:52:28] EDIT Library_Management/static/css/bootstrap.min.css: 0
[2014-11-29 03:53:44] EDIT Library_Management/static/css/web2py_bootstrap.css: -1
[2014-11-29 03:55:01] EDIT Library_Management/static/css/web2py_bootstrap.css.bak: -1
[2014-11-29 03:55:31] EDIT Library_Management/static/css/web2py_bootstrap.css.bak: 1
[2014-11-29 03:57:18] EDIT Library_Management/static/css/bootstrap.min.css: 0
[2014-11-29 11:06:46] EDIT Library_Management/models/menu.py: 2
[2014-11-29 11:06:56] EDIT Library_Management/models/menu.py: -1
[2015-01-08 17:22:05] EDIT LibManage/models/db1.py: 0
[2015-01-08 17:57:56] EDIT LibManage/models/db1.py: 1
[2015-01-08 18:08:21] EDIT LibManage/models/db1.py: 0
